<?xml version="1.0" encoding="UTF-8" ?>
<testsuite failures="0" time="4.08" errors="0" skipped="0" tests="3" name="com.semvolo.study.account.UserAuthenticationIntegrationTest">
  <properties>
    <property name="jboss.i18n.generate-proxies" value="true"/>
    <property name="java.runtime.name" value="Java(TM) SE Runtime Environment"/>
    <property name="sun.boot.library.path" value="C:\Program Files\Java\jdk1.7.0_67\jre\bin"/>
    <property name="java.vm.version" value="24.65-b04"/>
    <property name="java.vm.vendor" value="Oracle Corporation"/>
    <property name="java.vendor.url" value="http://java.oracle.com/"/>
    <property name="path.separator" value=";"/>
    <property name="java.vm.name" value="Java HotSpot(TM) 64-Bit Server VM"/>
    <property name="file.encoding.pkg" value="sun.io"/>
    <property name="user.script" value=""/>
    <property name="user.country" value="US"/>
    <property name="sun.java.launcher" value="SUN_STANDARD"/>
    <property name="sun.os.patch.level" value="Service Pack 1"/>
    <property name="java.vm.specification.name" value="Java Virtual Machine Specification"/>
    <property name="user.dir" value="D:\Study projects\Spring-archetypes"/>
    <property name="java.runtime.version" value="1.7.0_67-b01"/>
    <property name="java.awt.graphicsenv" value="sun.awt.Win32GraphicsEnvironment"/>
    <property name="basedir" value="D:\Study projects\Spring-archetypes"/>
    <property name="java.endorsed.dirs" value="C:\Program Files\Java\jdk1.7.0_67\jre\lib\endorsed"/>
    <property name="os.arch" value="amd64"/>
    <property name="surefire.real.class.path" value="C:\Users\vseman\AppData\Local\Temp\surefirebooter4246082126463996386.jar"/>
    <property name="java.io.tmpdir" value="C:\Users\vseman\AppData\Local\Temp\"/>
    <property name="line.separator" value="
"/>
    <property name="java.vm.specification.vendor" value="Oracle Corporation"/>
    <property name="user.variant" value=""/>
    <property name="os.name" value="Windows 7"/>
    <property name="sun.jnu.encoding" value="Cp1251"/>
    <property name="java.library.path" value="C:\Program Files\Java\jdk1.7.0_67\jre\bin;C:\Windows\Sun\Java\bin;C:\Windows\system32;C:\Windows;C:\Windows\system32;C:\Windows;C:\Windows\System32\Wbem;C:\Windows\System32\WindowsPowerShell\v1.0\;C:\Program Files\Java\jdk1.7.0_67\jre\bin;C:\Program Files (x86)\Microsoft SQL Server\100\Tools\Binn\;C:\Program Files\Microsoft SQL Server\100\Tools\Binn\;C:\Program Files\Microsoft SQL Server\100\DTS\Binn\;C:\Program Files (x86)\Microsoft SQL Server\100\Tools\Binn\VSShell\Common7\IDE\;C:\Program Files (x86)\Microsoft Visual Studio 9.0\Common7\IDE\PrivateAssemblies\;C:\Program Files (x86)\Microsoft SQL Server\100\DTS\Binn\;C:\Program Files\nodejs\;C:\Program Files (x86)\nodejs\;C:\Ruby193\bin;C:\Program Files\Apache Software Foundation\apache-maven-2.2.1\bin;C:\Program Files (x86)\Git\bin;C:\Program Files (x86)\Git\cmd;C:\Program Files\Java\jdk1.7.0_67\bin;C:\Users\vseman\AppData\Roaming\npm;."/>
    <property name="surefire.test.class.path" value="D:\Study projects\Spring-archetypes\target\test-classes;D:\Study projects\Spring-archetypes\target\classes;C:\Users\vseman\.m2\repository\org\springframework\spring-context\4.0.3.RELEASE\spring-context-4.0.3.RELEASE.jar;C:\Users\vseman\.m2\repository\org\springframework\spring-aop\4.0.3.RELEASE\spring-aop-4.0.3.RELEASE.jar;C:\Users\vseman\.m2\repository\aopalliance\aopalliance\1.0\aopalliance-1.0.jar;C:\Users\vseman\.m2\repository\org\springframework\spring-beans\4.0.3.RELEASE\spring-beans-4.0.3.RELEASE.jar;C:\Users\vseman\.m2\repository\org\springframework\spring-core\4.0.3.RELEASE\spring-core-4.0.3.RELEASE.jar;C:\Users\vseman\.m2\repository\org\springframework\spring-expression\4.0.3.RELEASE\spring-expression-4.0.3.RELEASE.jar;C:\Users\vseman\.m2\repository\org\springframework\spring-webmvc\4.0.3.RELEASE\spring-webmvc-4.0.3.RELEASE.jar;C:\Users\vseman\.m2\repository\org\springframework\spring-web\4.0.3.RELEASE\spring-web-4.0.3.RELEASE.jar;C:\Users\vseman\.m2\repository\org\springframework\security\spring-security-config\3.2.3.RELEASE\spring-security-config-3.2.3.RELEASE.jar;C:\Users\vseman\.m2\repository\org\springframework\security\spring-security-core\3.2.3.RELEASE\spring-security-core-3.2.3.RELEASE.jar;C:\Users\vseman\.m2\repository\org\springframework\security\spring-security-web\3.2.3.RELEASE\spring-security-web-3.2.3.RELEASE.jar;C:\Users\vseman\.m2\repository\org\springframework\security\spring-security-taglibs\3.2.3.RELEASE\spring-security-taglibs-3.2.3.RELEASE.jar;C:\Users\vseman\.m2\repository\org\springframework\security\spring-security-acl\3.2.3.RELEASE\spring-security-acl-3.2.3.RELEASE.jar;C:\Users\vseman\.m2\repository\org\springframework\spring-jdbc\4.0.3.RELEASE\spring-jdbc-4.0.3.RELEASE.jar;C:\Users\vseman\.m2\repository\org\springframework\spring-tx\4.0.3.RELEASE\spring-tx-4.0.3.RELEASE.jar;C:\Users\vseman\.m2\repository\org\thymeleaf\thymeleaf\2.1.2.RELEASE\thymeleaf-2.1.2.RELEASE.jar;C:\Users\vseman\.m2\repository\ognl\ognl\3.0.6\ognl-3.0.6.jar;C:\Users\vseman\.m2\repository\org\javassist\javassist\3.16.1-GA\javassist-3.16.1-GA.jar;C:\Users\vseman\.m2\repository\org\slf4j\slf4j-api\1.7.5\slf4j-api-1.7.5.jar;C:\Users\vseman\.m2\repository\org\thymeleaf\thymeleaf-spring4\2.1.2.RELEASE\thymeleaf-spring4-2.1.2.RELEASE.jar;C:\Users\vseman\.m2\repository\org\thymeleaf\extras\thymeleaf-extras-springsecurity3\2.1.1.RELEASE\thymeleaf-extras-springsecurity3-2.1.1.RELEASE.jar;C:\Users\vseman\.m2\repository\org\springframework\spring-orm\4.0.3.RELEASE\spring-orm-4.0.3.RELEASE.jar;C:\Users\vseman\.m2\repository\org\hibernate\hibernate-entitymanager\4.2.5.Final\hibernate-entitymanager-4.2.5.Final.jar;C:\Users\vseman\.m2\repository\org\jboss\logging\jboss-logging\3.1.0.GA\jboss-logging-3.1.0.GA.jar;C:\Users\vseman\.m2\repository\dom4j\dom4j\1.6.1\dom4j-1.6.1.jar;C:\Users\vseman\.m2\repository\org\hibernate\hibernate-core\4.2.5.Final\hibernate-core-4.2.5.Final.jar;C:\Users\vseman\.m2\repository\antlr\antlr\2.7.7\antlr-2.7.7.jar;C:\Users\vseman\.m2\repository\org\jboss\spec\javax\transaction\jboss-transaction-api_1.1_spec\1.0.1.Final\jboss-transaction-api_1.1_spec-1.0.1.Final.jar;C:\Users\vseman\.m2\repository\org\hibernate\javax\persistence\hibernate-jpa-2.0-api\1.0.1.Final\hibernate-jpa-2.0-api-1.0.1.Final.jar;C:\Users\vseman\.m2\repository\org\hibernate\common\hibernate-commons-annotations\4.0.2.Final\hibernate-commons-annotations-4.0.2.Final.jar;C:\Users\vseman\.m2\repository\org\hsqldb\hsqldb\2.3.0\hsqldb-2.3.0.jar;C:\Users\vseman\.m2\repository\org\springframework\data\spring-data-jpa\1.4.1.RELEASE\spring-data-jpa-1.4.1.RELEASE.jar;C:\Users\vseman\.m2\repository\org\springframework\data\spring-data-commons\1.6.1.RELEASE\spring-data-commons-1.6.1.RELEASE.jar;C:\Users\vseman\.m2\repository\org\slf4j\jcl-over-slf4j\1.7.5\jcl-over-slf4j-1.7.5.jar;C:\Users\vseman\.m2\repository\org\aspectj\aspectjrt\1.7.4\aspectjrt-1.7.4.jar;C:\Users\vseman\.m2\repository\org\springframework\data\spring-data-mongodb\1.3.1.RELEASE\spring-data-mongodb-1.3.1.RELEASE.jar;C:\Users\vseman\.m2\repository\org\mongodb\mongo-java-driver\2.10.1\mongo-java-driver-2.10.1.jar;C:\Users\vseman\.m2\repository\javax\validation\validation-api\1.0.0.GA\validation-api-1.0.0.GA.jar;C:\Users\vseman\.m2\repository\org\hibernate\hibernate-validator\4.3.0.Final\hibernate-validator-4.3.0.Final.jar;C:\Users\vseman\.m2\repository\ch\qos\logback\logback-classic\1.0.13\logback-classic-1.0.13.jar;C:\Users\vseman\.m2\repository\ch\qos\logback\logback-core\1.0.13\logback-core-1.0.13.jar;C:\Users\vseman\.m2\repository\javax\inject\javax.inject\1\javax.inject-1.jar;C:\Users\vseman\.m2\repository\org\apache\geronimo\specs\geronimo-servlet_3.0_spec\1.0\geronimo-servlet_3.0_spec-1.0.jar;C:\Users\vseman\.m2\repository\org\codehaus\jackson\jackson-mapper-asl\1.9.9\jackson-mapper-asl-1.9.9.jar;C:\Users\vseman\.m2\repository\org\codehaus\jackson\jackson-core-asl\1.9.9\jackson-core-asl-1.9.9.jar;C:\Users\vseman\.m2\repository\com\google\guava\guava\14.0.1\guava-14.0.1.jar;C:\Users\vseman\.m2\repository\junit\junit\4.11\junit-4.11.jar;C:\Users\vseman\.m2\repository\org\hamcrest\hamcrest-core\1.3\hamcrest-core-1.3.jar;C:\Users\vseman\.m2\repository\org\mockito\mockito-core\1.9.5\mockito-core-1.9.5.jar;C:\Users\vseman\.m2\repository\org\objenesis\objenesis\1.3\objenesis-1.3.jar;C:\Users\vseman\.m2\repository\org\assertj\assertj-core\1.5.0\assertj-core-1.5.0.jar;C:\Users\vseman\.m2\repository\org\hamcrest\hamcrest-library\1.3\hamcrest-library-1.3.jar;C:\Users\vseman\.m2\repository\org\springframework\spring-test\4.0.3.RELEASE\spring-test-4.0.3.RELEASE.jar;"/>
    <property name="java.specification.name" value="Java Platform API Specification"/>
    <property name="java.class.version" value="51.0"/>
    <property name="sun.management.compiler" value="HotSpot 64-Bit Tiered Compilers"/>
    <property name="os.version" value="6.1"/>
    <property name="user.home" value="C:\Users\vseman"/>
    <property name="user.timezone" value="Europe/Helsinki"/>
    <property name="java.awt.printerjob" value="sun.awt.windows.WPrinterJob"/>
    <property name="java.specification.version" value="1.7"/>
    <property name="file.encoding" value="Cp1251"/>
    <property name="user.name" value="vseman"/>
    <property name="java.class.path" value="D:\Study projects\Spring-archetypes\target\test-classes;D:\Study projects\Spring-archetypes\target\classes;C:\Users\vseman\.m2\repository\org\springframework\spring-context\4.0.3.RELEASE\spring-context-4.0.3.RELEASE.jar;C:\Users\vseman\.m2\repository\org\springframework\spring-aop\4.0.3.RELEASE\spring-aop-4.0.3.RELEASE.jar;C:\Users\vseman\.m2\repository\aopalliance\aopalliance\1.0\aopalliance-1.0.jar;C:\Users\vseman\.m2\repository\org\springframework\spring-beans\4.0.3.RELEASE\spring-beans-4.0.3.RELEASE.jar;C:\Users\vseman\.m2\repository\org\springframework\spring-core\4.0.3.RELEASE\spring-core-4.0.3.RELEASE.jar;C:\Users\vseman\.m2\repository\org\springframework\spring-expression\4.0.3.RELEASE\spring-expression-4.0.3.RELEASE.jar;C:\Users\vseman\.m2\repository\org\springframework\spring-webmvc\4.0.3.RELEASE\spring-webmvc-4.0.3.RELEASE.jar;C:\Users\vseman\.m2\repository\org\springframework\spring-web\4.0.3.RELEASE\spring-web-4.0.3.RELEASE.jar;C:\Users\vseman\.m2\repository\org\springframework\security\spring-security-config\3.2.3.RELEASE\spring-security-config-3.2.3.RELEASE.jar;C:\Users\vseman\.m2\repository\org\springframework\security\spring-security-core\3.2.3.RELEASE\spring-security-core-3.2.3.RELEASE.jar;C:\Users\vseman\.m2\repository\org\springframework\security\spring-security-web\3.2.3.RELEASE\spring-security-web-3.2.3.RELEASE.jar;C:\Users\vseman\.m2\repository\org\springframework\security\spring-security-taglibs\3.2.3.RELEASE\spring-security-taglibs-3.2.3.RELEASE.jar;C:\Users\vseman\.m2\repository\org\springframework\security\spring-security-acl\3.2.3.RELEASE\spring-security-acl-3.2.3.RELEASE.jar;C:\Users\vseman\.m2\repository\org\springframework\spring-jdbc\4.0.3.RELEASE\spring-jdbc-4.0.3.RELEASE.jar;C:\Users\vseman\.m2\repository\org\springframework\spring-tx\4.0.3.RELEASE\spring-tx-4.0.3.RELEASE.jar;C:\Users\vseman\.m2\repository\org\thymeleaf\thymeleaf\2.1.2.RELEASE\thymeleaf-2.1.2.RELEASE.jar;C:\Users\vseman\.m2\repository\ognl\ognl\3.0.6\ognl-3.0.6.jar;C:\Users\vseman\.m2\repository\org\javassist\javassist\3.16.1-GA\javassist-3.16.1-GA.jar;C:\Users\vseman\.m2\repository\org\slf4j\slf4j-api\1.7.5\slf4j-api-1.7.5.jar;C:\Users\vseman\.m2\repository\org\thymeleaf\thymeleaf-spring4\2.1.2.RELEASE\thymeleaf-spring4-2.1.2.RELEASE.jar;C:\Users\vseman\.m2\repository\org\thymeleaf\extras\thymeleaf-extras-springsecurity3\2.1.1.RELEASE\thymeleaf-extras-springsecurity3-2.1.1.RELEASE.jar;C:\Users\vseman\.m2\repository\org\springframework\spring-orm\4.0.3.RELEASE\spring-orm-4.0.3.RELEASE.jar;C:\Users\vseman\.m2\repository\org\hibernate\hibernate-entitymanager\4.2.5.Final\hibernate-entitymanager-4.2.5.Final.jar;C:\Users\vseman\.m2\repository\org\jboss\logging\jboss-logging\3.1.0.GA\jboss-logging-3.1.0.GA.jar;C:\Users\vseman\.m2\repository\dom4j\dom4j\1.6.1\dom4j-1.6.1.jar;C:\Users\vseman\.m2\repository\org\hibernate\hibernate-core\4.2.5.Final\hibernate-core-4.2.5.Final.jar;C:\Users\vseman\.m2\repository\antlr\antlr\2.7.7\antlr-2.7.7.jar;C:\Users\vseman\.m2\repository\org\jboss\spec\javax\transaction\jboss-transaction-api_1.1_spec\1.0.1.Final\jboss-transaction-api_1.1_spec-1.0.1.Final.jar;C:\Users\vseman\.m2\repository\org\hibernate\javax\persistence\hibernate-jpa-2.0-api\1.0.1.Final\hibernate-jpa-2.0-api-1.0.1.Final.jar;C:\Users\vseman\.m2\repository\org\hibernate\common\hibernate-commons-annotations\4.0.2.Final\hibernate-commons-annotations-4.0.2.Final.jar;C:\Users\vseman\.m2\repository\org\hsqldb\hsqldb\2.3.0\hsqldb-2.3.0.jar;C:\Users\vseman\.m2\repository\org\springframework\data\spring-data-jpa\1.4.1.RELEASE\spring-data-jpa-1.4.1.RELEASE.jar;C:\Users\vseman\.m2\repository\org\springframework\data\spring-data-commons\1.6.1.RELEASE\spring-data-commons-1.6.1.RELEASE.jar;C:\Users\vseman\.m2\repository\org\slf4j\jcl-over-slf4j\1.7.5\jcl-over-slf4j-1.7.5.jar;C:\Users\vseman\.m2\repository\org\aspectj\aspectjrt\1.7.4\aspectjrt-1.7.4.jar;C:\Users\vseman\.m2\repository\org\springframework\data\spring-data-mongodb\1.3.1.RELEASE\spring-data-mongodb-1.3.1.RELEASE.jar;C:\Users\vseman\.m2\repository\org\mongodb\mongo-java-driver\2.10.1\mongo-java-driver-2.10.1.jar;C:\Users\vseman\.m2\repository\javax\validation\validation-api\1.0.0.GA\validation-api-1.0.0.GA.jar;C:\Users\vseman\.m2\repository\org\hibernate\hibernate-validator\4.3.0.Final\hibernate-validator-4.3.0.Final.jar;C:\Users\vseman\.m2\repository\ch\qos\logback\logback-classic\1.0.13\logback-classic-1.0.13.jar;C:\Users\vseman\.m2\repository\ch\qos\logback\logback-core\1.0.13\logback-core-1.0.13.jar;C:\Users\vseman\.m2\repository\javax\inject\javax.inject\1\javax.inject-1.jar;C:\Users\vseman\.m2\repository\org\apache\geronimo\specs\geronimo-servlet_3.0_spec\1.0\geronimo-servlet_3.0_spec-1.0.jar;C:\Users\vseman\.m2\repository\org\codehaus\jackson\jackson-mapper-asl\1.9.9\jackson-mapper-asl-1.9.9.jar;C:\Users\vseman\.m2\repository\org\codehaus\jackson\jackson-core-asl\1.9.9\jackson-core-asl-1.9.9.jar;C:\Users\vseman\.m2\repository\com\google\guava\guava\14.0.1\guava-14.0.1.jar;C:\Users\vseman\.m2\repository\junit\junit\4.11\junit-4.11.jar;C:\Users\vseman\.m2\repository\org\hamcrest\hamcrest-core\1.3\hamcrest-core-1.3.jar;C:\Users\vseman\.m2\repository\org\mockito\mockito-core\1.9.5\mockito-core-1.9.5.jar;C:\Users\vseman\.m2\repository\org\objenesis\objenesis\1.3\objenesis-1.3.jar;C:\Users\vseman\.m2\repository\org\assertj\assertj-core\1.5.0\assertj-core-1.5.0.jar;C:\Users\vseman\.m2\repository\org\hamcrest\hamcrest-library\1.3\hamcrest-library-1.3.jar;C:\Users\vseman\.m2\repository\org\springframework\spring-test\4.0.3.RELEASE\spring-test-4.0.3.RELEASE.jar;"/>
    <property name="java.vm.specification.version" value="1.7"/>
    <property name="sun.arch.data.model" value="64"/>
    <property name="java.home" value="C:\Program Files\Java\jdk1.7.0_67\jre"/>
    <property name="sun.java.command" value="C:\Users\vseman\AppData\Local\Temp\surefirebooter4246082126463996386.jar C:\Users\vseman\AppData\Local\Temp\surefire5875801453176050308tmp C:\Users\vseman\AppData\Local\Temp\surefire7624038340712560739tmp"/>
    <property name="java.specification.vendor" value="Oracle Corporation"/>
    <property name="user.language" value="en"/>
    <property name="awt.toolkit" value="sun.awt.windows.WToolkit"/>
    <property name="java.vm.info" value="mixed mode"/>
    <property name="java.version" value="1.7.0_67"/>
    <property name="java.ext.dirs" value="C:\Program Files\Java\jdk1.7.0_67\jre\lib\ext;C:\Windows\Sun\Java\lib\ext"/>
    <property name="sun.boot.class.path" value="C:\Program Files\Java\jdk1.7.0_67\jre\lib\resources.jar;C:\Program Files\Java\jdk1.7.0_67\jre\lib\rt.jar;C:\Program Files\Java\jdk1.7.0_67\jre\lib\sunrsasign.jar;C:\Program Files\Java\jdk1.7.0_67\jre\lib\jsse.jar;C:\Program Files\Java\jdk1.7.0_67\jre\lib\jce.jar;C:\Program Files\Java\jdk1.7.0_67\jre\lib\charsets.jar;C:\Program Files\Java\jdk1.7.0_67\jre\lib\jfr.jar;C:\Program Files\Java\jdk1.7.0_67\jre\classes"/>
    <property name="java.vendor" value="Oracle Corporation"/>
    <property name="localRepository" value="C:\Users\vseman\.m2\repository"/>
    <property name="file.separator" value="\"/>
    <property name="java.vendor.url.bug" value="http://bugreport.sun.com/bugreport/"/>
    <property name="sun.cpu.endian" value="little"/>
    <property name="sun.io.unicode.encoding" value="UnicodeLittle"/>
    <property name="sun.desktop" value="windows"/>
    <property name="sun.cpu.isalist" value="amd64"/>
  </properties>
  <testcase time="4.042" classname="com.semvolo.study.account.UserAuthenticationIntegrationTest" name="userAuthenticates"/>
  <testcase time="0.016" classname="com.semvolo.study.account.UserAuthenticationIntegrationTest" name="requiresAuthentication"/>
  <testcase time="0.012" classname="com.semvolo.study.account.UserAuthenticationIntegrationTest" name="userAuthenticationFails"/>
</testsuite>